Assembler report for ArrayUltrasound
Wed Nov 11 16:37:44 2015
Quartus II Version 9.0 Build 132 02/25/2009 SJ Full Version


---------------------
; Table of Contents ;
---------------------
  1. Legal Notice
  2. Assembler Summary
  3. Assembler Settings
  4. Assembler Generated Files
  5. Assembler Device Options: D:/畜牧业B超/阵列方案/乐普定制/fpga程序以及matlab参数计算/128阵元方案-fpga - 线阵/ArrayUltrasound - 16T32R-R60 - wifi/ArrayUltrasound.sof
  6. Assembler Device Options: D:/畜牧业B超/阵列方案/乐普定制/fpga程序以及matlab参数计算/128阵元方案-fpga - 线阵/ArrayUltrasound - 16T32R-R60 - wifi/ArrayUltrasound.pof
  7. Assembler Messages



----------------
; Legal Notice ;
----------------
Copyright (C) 1991-2009 Altera Corporation
Your use of Altera Corporation's design tools, logic functions 
and other software and tools, and its AMPP partner logic 
functions, and any output files from any of the foregoing 
(including device programming or simulation files), and any 
associated documentation or information are expressly subject 
to the terms and conditions of the Altera Program License 
Subscription Agreement, Altera MegaCore Function License 
Agreement, or other applicable license agreement, including, 
without limitation, that your use is for the sole purpose of 
programming logic devices manufactured by Altera and sold by 
Altera or its authorized distributors.  Please refer to the 
applicable agreement for further details.



+---------------------------------------------------------------+
; Assembler Summary                                             ;
+-----------------------+---------------------------------------+
; Assembler Status      ; Successful - Wed Nov 11 16:37:44 2015 ;
; Revision Name         ; ArrayUltrasound                       ;
; Top-level Entity Name ; ArrayUltrasound                       ;
; Family                ; Cyclone III                           ;
; Device                ; EP3C40F484C8                          ;
+-----------------------+---------------------------------------+


+--------------------------------------------------------------------------------------------------------+
; Assembler Settings                                                                                     ;
+-----------------------------------------------------------------------------+----------+---------------+
; Option                                                                      ; Setting  ; Default Value ;
+-----------------------------------------------------------------------------+----------+---------------+
; Use configuration device                                                    ; On       ; Off           ;
; Configuration device                                                        ; Epcs16   ; Auto          ;
; Use smart compilation                                                       ; Off      ; Off           ;
; Generate compressed bitstreams                                              ; On       ; On            ;
; Compression mode                                                            ; Off      ; Off           ;
; Clock source for configuration device                                       ; Internal ; Internal      ;
; Clock frequency of the configuration device                                 ; 10 MHZ   ; 10 MHz        ;
; Divide clock frequency by                                                   ; 1        ; 1             ;
; Auto user code                                                              ; Off      ; Off           ;
; Configuration device auto user code                                         ; Off      ; Off           ;
; Generate Tabular Text File (.ttf) For Target Device                         ; Off      ; Off           ;
; Generate Raw Binary File (.rbf) For Target Device                           ; Off      ; Off           ;
; Generate Hexadecimal (Intel-Format) Output File (.hexout) for Target Device ; Off      ; Off           ;
; Hexadecimal Output File start address                                       ; 0        ; 0             ;
; Hexadecimal Output File count direction                                     ; Up       ; Up            ;
; Release clears before tri-states                                            ; Off      ; Off           ;
; Auto-restart configuration after error                                      ; On       ; On            ;
; Enable OCT_DONE                                                             ; Off      ; Off           ;
; Generate Serial Vector Format File (.svf) for Target Device                 ; Off      ; Off           ;
; Generate a JEDEC STAPL Format File (.jam) for Target Device                 ; Off      ; Off           ;
; Generate a compressed Jam STAPL Byte Code 2.0 File (.jbc) for Target Device ; Off      ; Off           ;
; Generate a compressed Jam STAPL Byte Code 2.0 File (.jbc) for Target Device ; On       ; On            ;
+-----------------------------------------------------------------------------+----------+---------------+


+-------------------------------------------------------------------------------------------------------------------------------------------+
; Assembler Generated Files                                                                                                                 ;
+-------------------------------------------------------------------------------------------------------------------------------------------+
; File Name                                                                                                                                 ;
+-------------------------------------------------------------------------------------------------------------------------------------------+
; D:/畜牧业B超/阵列方案/乐普定制/fpga程序以及matlab参数计算/128阵元方案-fpga - 线阵/ArrayUltrasound - 16T32R-R60 - wifi/ArrayUltrasound.sof ;
; D:/畜牧业B超/阵列方案/乐普定制/fpga程序以及matlab参数计算/128阵元方案-fpga - 线阵/ArrayUltrasound - 16T32R-R60 - wifi/ArrayUltrasound.pof ;
+-------------------------------------------------------------------------------------------------------------------------------------------+


+---------------------------------------------------------------------------------------------------------------------------------------------------------------------+
; Assembler Device Options: D:/畜牧业B超/阵列方案/乐普定制/fpga程序以及matlab参数计算/128阵元方案-fpga - 线阵/ArrayUltrasound - 16T32R-R60 - wifi/ArrayUltrasound.sof ;
+----------------+----------------------------------------------------------------------------------------------------------------------------------------------------+
; Option         ; Setting                                                                                                                                            ;
+----------------+----------------------------------------------------------------------------------------------------------------------------------------------------+
; Device         ; EP3C40F484C8                                                                                                                                       ;
; JTAG usercode  ; 0xFFFFFFFF                                                                                                                                         ;
; Checksum       ; 0x01677E5C                                                                                                                                         ;
+----------------+----------------------------------------------------------------------------------------------------------------------------------------------------+


+---------------------------------------------------------------------------------------------------------------------------------------------------------------------+
; Assembler Device Options: D:/畜牧业B超/阵列方案/乐普定制/fpga程序以及matlab参数计算/128阵元方案-fpga - 线阵/ArrayUltrasound - 16T32R-R60 - wifi/ArrayUltrasound.pof ;
+--------------------+------------------------------------------------------------------------------------------------------------------------------------------------+
; Option             ; Setting                                                                                                                                        ;
+--------------------+------------------------------------------------------------------------------------------------------------------------------------------------+
; Device             ; EPCS16                                                                                                                                         ;
; JTAG usercode      ; 0x00000000                                                                                                                                     ;
; Checksum           ; 0x1941D4A6                                                                                                                                     ;
; Compression Ratio  ; 1                                                                                                                                              ;
+--------------------+------------------------------------------------------------------------------------------------------------------------------------------------+


+--------------------+
; Assembler Messages ;
+--------------------+
Info: *******************************************************************
Info: Running Quartus II Assembler
    Info: Version 9.0 Build 132 02/25/2009 SJ Full Version
    Info: Processing started: Wed Nov 11 16:37:34 2015
Info: Command: quartus_asm --read_settings_files=off --write_settings_files=off ArrayUltrasound -c ArrayUltrasound
Info: Fitter is using the TimeQuest Timing Analyzer
Warning: Timing Analysis is analyzing one or more combinational loops as latches
    Warning: Node "comb_141|Line_Num[2]|combout" is a latch
    Warning: Node "comb_141|Line_Num[3]|combout" is a latch
    Warning: Node "comb_141|Line_Num[4]|combout" is a latch
    Warning: Node "comb_141|Line_Num[5]|combout" is a latch
    Warning: Node "comb_141|Line_Num[6]|combout" is a latch
    Warning: Node "comb_141|Line_Num[1]|combout" is a latch
    Warning: Node "comb_141|Line_Num[7]|combout" is a latch
    Warning: Node "Transmit_Inst|Delay_CH8[3]|combout" is a latch
    Warning: Node "Transmit_Inst|Delay_CH8[1]|combout" is a latch
    Warning: Node "Transmit_Inst|Delay_CH8[0]|combout" is a latch
    Warning: Node "Receive_Inst|Rd_Addr8[2]~latch|combout" is a latch
    Warning: Node "Receive_Inst|Rd_Addr8[1]~latch|combout" is a latch
    Warning: Node "comb_141|Gain[5]|combout" is a latch
    Warning: Node "comb_141|Gain[4]|combout" is a latch
    Warning: Node "comb_141|Gain[3]|combout" is a latch
    Warning: Node "comb_141|Gain[2]|combout" is a latch
    Warning: Node "comb_141|Gain[1]|combout" is a latch
    Warning: Node "comb_141|Gain[0]|combout" is a latch
    Warning: Node "comb_141|Zoom[1]|combout" is a latch
    Warning: Node "comb_141|Zoom[0]|combout" is a latch
    Warning: Node "AD9273_SPI_Config_Inst|SPI_AD_Inst|Wr_Data[5]~latch|combout" is a latch
    Warning: Node "AD9273_SPI_Config_Inst|SPI_AD_Inst|Wr_Data[4]~latch|combout" is a latch
    Warning: Node "AD9273_SPI_Config_Inst|SPI_AD_Inst|Wr_Data[3]~latch|combout" is a latch
    Warning: Node "AD9273_SPI_Config_Inst|SPI_AD_Inst|Wr_Data[2]~latch|combout" is a latch
    Warning: Node "AD9273_SPI_Config_Inst|SPI_AD_Inst|CMD[7]~latch|combout" is a latch
    Warning: Node "AD9273_SPI_Config_Inst|SPI_AD_Inst|Wr_Data[1]~latch|combout" is a latch
    Warning: Node "AD9273_SPI_Config_Inst|SPI_AD_Inst|Wr_Data[0]~latch|combout" is a latch
    Warning: Node "AD9273_SPI_Config_Inst|SPI_AD_Inst|CMD[5]~latch|combout" is a latch
    Warning: Node "AD9273_SPI_Config_Inst|SPI_AD_Inst|CMD[4]~latch|combout" is a latch
    Warning: Node "AD9273_SPI_Config_Inst|SPI_AD_Inst|CMD[3]~latch|combout" is a latch
    Warning: Node "AD9273_SPI_Config_Inst|SPI_AD_Inst|CMD[2]~latch|combout" is a latch
    Warning: Node "AD9273_SPI_Config_Inst|SPI_AD_Inst|CMD[1]~latch|combout" is a latch
    Warning: Node "AD9273_SPI_Config_Inst|SPI_AD_Inst|CMD[0]~latch|combout" is a latch
    Warning: Node "comb_141|Shift_Data[7]~latch|combout" is a latch
    Warning: Node "comb_141|Shift_Data[6]~latch|combout" is a latch
    Warning: Node "comb_141|Shift_Data[5]~latch|combout" is a latch
    Warning: Node "comb_141|Shift_Data[4]~latch|combout" is a latch
    Warning: Node "comb_141|Shift_Data[3]~latch|combout" is a latch
    Warning: Node "comb_141|Shift_Data[2]~latch|combout" is a latch
    Warning: Node "comb_141|Shift_Data[1]~latch|combout" is a latch
    Warning: Node "comb_141|Shift_Data[0]~latch|combout" is a latch
    Warning: Node "comb_141|Line_Num[0]|combout" is a latch
    Warning: Node "Transmit_Inst|Delay_CH1[7]|combout" is a latch
    Warning: Node "Transmit_Inst|Delay_CH16[7]|combout" is a latch
    Warning: Node "Transmit_Inst|Delay_CH2[2]|combout" is a latch
    Warning: Node "Transmit_Inst|Delay_CH15[2]|combout" is a latch
    Warning: Node "Transmit_Inst|Delay_CH2[0]|combout" is a latch
    Warning: Node "Transmit_Inst|Delay_CH2[1]|combout" is a latch
    Warning: Node "Transmit_Inst|Delay_CH3[1]|combout" is a latch
    Warning: Node "Transmit_Inst|Delay_CH3[0]|combout" is a latch
    Warning: Node "Transmit_Inst|Delay_CH4[2]|combout" is a latch
    Warning: Node "Transmit_Inst|Delay_CH4[0]|combout" is a latch
    Warning: Node "Transmit_Inst|Delay_CH7[1]|combout" is a latch
    Warning: Node "Transmit_Inst|Delay_CH6[0]|combout" is a latch
    Warning: Node "Transmit_Inst|Delay_CH11[1]|combout" is a latch
    Warning: Node "Transmit_Inst|Delay_CH14[1]|combout" is a latch
    Warning: Node "Transmit_Inst|Delay_CH13[2]|combout" is a latch
    Warning: Node "Transmit_Inst|Delay_CH11[0]|combout" is a latch
    Warning: Node "Transmit_Inst|Delay_CH10[1]|combout" is a latch
    Warning: Node "Transmit_Inst|Delay_CH13[0]|combout" is a latch
    Warning: Node "Transmit_Inst|Delay_CH15[0]|combout" is a latch
    Warning: Node "Transmit_Inst|Delay_CH15[1]|combout" is a latch
    Warning: Node "Transmit_Inst|Delay_CH14[0]|combout" is a latch
    Warning: Node "Transmit_Inst|Delay_CH4[1]|combout" is a latch
    Warning: Node "Transmit_Inst|Delay_CH5[0]|combout" is a latch
    Warning: Node "Transmit_Inst|Delay_CH5[1]|combout" is a latch
    Warning: Node "Transmit_Inst|Delay_CH12[1]|combout" is a latch
    Warning: Node "Transmit_Inst|Delay_CH12[0]|combout" is a latch
    Warning: Node "Transmit_Inst|Delay_CH13[1]|combout" is a latch
    Warning: Node "Transmit_Inst|Shift_HW_SW[0]~latch|combout" is a latch
    Warning: Node "Transmit_Inst|Shift_HW_SW[1]~latch|combout" is a latch
    Warning: Node "Transmit_Inst|Shift_HW_SW[2]~latch|combout" is a latch
    Warning: Node "Transmit_Inst|Shift_HW_SW[3]~latch|combout" is a latch
    Warning: Node "Transmit_Inst|Shift_HW_SW[4]~latch|combout" is a latch
    Warning: Node "Transmit_Inst|Shift_HW_SW[5]~latch|combout" is a latch
    Warning: Node "Transmit_Inst|Shift_HW_SW[6]~latch|combout" is a latch
    Warning: Node "Transmit_Inst|Shift_HW_SW[7]~latch|combout" is a latch
    Warning: Node "Transmit_Inst|Shift_HW_SW[8]~latch|combout" is a latch
    Warning: Node "Transmit_Inst|Shift_HW_SW[9]~latch|combout" is a latch
    Warning: Node "Transmit_Inst|Shift_HW_SW[10]~latch|combout" is a latch
    Warning: Node "Transmit_Inst|Shift_HW_SW[11]~latch|combout" is a latch
    Warning: Node "Transmit_Inst|Shift_HW_SW[12]~latch|combout" is a latch
    Warning: Node "Transmit_Inst|Shift_HW_SW[13]~latch|combout" is a latch
    Warning: Node "Transmit_Inst|Shift_HW_SW[14]~latch|combout" is a latch
    Warning: Node "Transmit_Inst|Shift_HW_SW[15]~latch|combout" is a latch
    Warning: Node "Transmit_Inst|Shift_HW_SW[16]~latch|combout" is a latch
    Warning: Node "Transmit_Inst|Shift_HW_SW[17]~latch|combout" is a latch
    Warning: Node "Transmit_Inst|Shift_HW_SW[18]~latch|combout" is a latch
    Warning: Node "Transmit_Inst|Shift_HW_SW[19]~latch|combout" is a latch
    Warning: Node "Transmit_Inst|Shift_HW_SW[20]~latch|combout" is a latch
    Warning: Node "Transmit_Inst|Shift_HW_SW[21]~latch|combout" is a latch
    Warning: Node "Transmit_Inst|Shift_HW_SW[22]~latch|combout" is a latch
    Warning: Node "Transmit_Inst|Shift_HW_SW[23]~latch|combout" is a latch
    Warning: Node "Transmit_Inst|Shift_HW_SW[24]~latch|combout" is a latch
    Warning: Node "Transmit_Inst|Shift_HW_SW[25]~latch|combout" is a latch
    Warning: Node "Transmit_Inst|Shift_HW_SW[26]~latch|combout" is a latch
    Warning: Node "Transmit_Inst|Shift_HW_SW[27]~latch|combout" is a latch
    Warning: Node "Transmit_Inst|Shift_HW_SW[28]~latch|combout" is a latch
    Warning: Node "Transmit_Inst|Shift_HW_SW[29]~latch|combout" is a latch
    Warning: Node "Transmit_Inst|Shift_HW_SW[30]~latch|combout" is a latch
    Warning: Node "Transmit_Inst|Shift_HW_SW[31]~latch|combout" is a latch
    Warning: Node "Transmit_Inst|Shift_HW_SW[32]~latch|combout" is a latch
    Warning: Node "Transmit_Inst|Shift_HW_SW[33]~latch|combout" is a latch
    Warning: Node "Transmit_Inst|Shift_HW_SW[34]~latch|combout" is a latch
    Warning: Node "Transmit_Inst|Shift_HW_SW[35]~latch|combout" is a latch
    Warning: Node "Transmit_Inst|Shift_HW_SW[36]~latch|combout" is a latch
    Warning: Node "Transmit_Inst|Shift_HW_SW[37]~latch|combout" is a latch
    Warning: Node "Transmit_Inst|Shift_HW_SW[38]~latch|combout" is a latch
    Warning: Node "Transmit_Inst|Shift_HW_SW[39]~latch|combout" is a latch
    Warning: Node "Transmit_Inst|Shift_HW_SW[40]~latch|combout" is a latch
    Warning: Node "Transmit_Inst|Shift_HW_SW[41]~latch|combout" is a latch
    Warning: Node "Transmit_Inst|Shift_HW_SW[42]~latch|combout" is a latch
    Warning: Node "Transmit_Inst|Shift_HW_SW[43]~latch|combout" is a latch
    Warning: Node "Transmit_Inst|Shift_HW_SW[44]~latch|combout" is a latch
    Warning: Node "Transmit_Inst|Shift_HW_SW[45]~latch|combout" is a latch
    Warning: Node "Transmit_Inst|Shift_HW_SW[46]~latch|combout" is a latch
    Warning: Node "Transmit_Inst|Shift_HW_SW[47]~latch|combout" is a latch
    Warning: Node "Transmit_Inst|Shift_HW_SW[48]~latch|combout" is a latch
    Warning: Node "Transmit_Inst|Shift_HW_SW[49]~latch|combout" is a latch
    Warning: Node "Transmit_Inst|Shift_HW_SW[50]~latch|combout" is a latch
    Warning: Node "Transmit_Inst|Shift_HW_SW[51]~latch|combout" is a latch
    Warning: Node "Transmit_Inst|Shift_HW_SW[52]~latch|combout" is a latch
    Warning: Node "Transmit_Inst|Shift_HW_SW[53]~latch|combout" is a latch
    Warning: Node "Transmit_Inst|Shift_HW_SW[54]~latch|combout" is a latch
    Warning: Node "Transmit_Inst|Shift_HW_SW[55]~latch|combout" is a latch
    Warning: Node "Transmit_Inst|Shift_HW_SW[56]~latch|combout" is a latch
    Warning: Node "Transmit_Inst|Shift_HW_SW[57]~latch|combout" is a latch
    Warning: Node "Transmit_Inst|Shift_HW_SW[58]~latch|combout" is a latch
    Warning: Node "Transmit_Inst|Shift_HW_SW[59]~latch|combout" is a latch
    Warning: Node "Transmit_Inst|Shift_HW_SW[60]~latch|combout" is a latch
    Warning: Node "Transmit_Inst|Shift_HW_SW[61]~latch|combout" is a latch
    Warning: Node "Transmit_Inst|Shift_HW_SW[62]~latch|combout" is a latch
    Warning: Node "Transmit_Inst|Shift_HW_SW[63]~latch|combout" is a latch
    Warning: Node "Transmit_Inst|Shift_HW_SW[64]~latch|combout" is a latch
    Warning: Node "Transmit_Inst|Shift_HW_SW[65]~latch|combout" is a latch
    Warning: Node "Transmit_Inst|Shift_HW_SW[66]~latch|combout" is a latch
    Warning: Node "Transmit_Inst|Shift_HW_SW[67]~latch|combout" is a latch
    Warning: Node "Transmit_Inst|Shift_HW_SW[68]~latch|combout" is a latch
    Warning: Node "Transmit_Inst|Shift_HW_SW[69]~latch|combout" is a latch
    Warning: Node "Transmit_Inst|Shift_HW_SW[70]~latch|combout" is a latch
    Warning: Node "Transmit_Inst|Shift_HW_SW[71]~latch|combout" is a latch
    Warning: Node "Transmit_Inst|Shift_HW_SW[72]~latch|combout" is a latch
    Warning: Node "Transmit_Inst|Shift_HW_SW[73]~latch|combout" is a latch
    Warning: Node "Transmit_Inst|Shift_HW_SW[74]~latch|combout" is a latch
    Warning: Node "Transmit_Inst|Shift_HW_SW[75]~latch|combout" is a latch
    Warning: Node "Transmit_Inst|Shift_HW_SW[76]~latch|combout" is a latch
    Warning: Node "Transmit_Inst|Shift_HW_SW[77]~latch|combout" is a latch
    Warning: Node "Transmit_Inst|Shift_HW_SW[78]~latch|combout" is a latch
    Warning: Node "Transmit_Inst|Shift_HW_SW[79]~latch|combout" is a latch
    Warning: Node "Transmit_Inst|Shift_HW_SW[80]~latch|combout" is a latch
    Warning: Node "Transmit_Inst|Shift_HW_SW[81]~latch|combout" is a latch
    Warning: Node "Transmit_Inst|Shift_HW_SW[82]~latch|combout" is a latch
    Warning: Node "Transmit_Inst|Shift_HW_SW[83]~latch|combout" is a latch
    Warning: Node "Transmit_Inst|Shift_HW_SW[84]~latch|combout" is a latch
    Warning: Node "Transmit_Inst|Shift_HW_SW[85]~latch|combout" is a latch
    Warning: Node "Transmit_Inst|Shift_HW_SW[86]~latch|combout" is a latch
    Warning: Node "Transmit_Inst|Shift_HW_SW[87]~latch|combout" is a latch
    Warning: Node "Transmit_Inst|Shift_HW_SW[88]~latch|combout" is a latch
    Warning: Node "Transmit_Inst|Shift_HW_SW[89]~latch|combout" is a latch
    Warning: Node "Transmit_Inst|Shift_HW_SW[90]~latch|combout" is a latch
    Warning: Node "Transmit_Inst|Shift_HW_SW[91]~latch|combout" is a latch
    Warning: Node "Transmit_Inst|Shift_HW_SW[92]~latch|combout" is a latch
    Warning: Node "Transmit_Inst|Shift_HW_SW[93]~latch|combout" is a latch
    Warning: Node "Transmit_Inst|Shift_HW_SW[94]~latch|combout" is a latch
    Warning: Node "Transmit_Inst|Shift_HW_SW[95]~latch|combout" is a latch
    Warning: Node "Transmit_Inst|Shift_HW_SW[96]~latch|combout" is a latch
    Warning: Node "Transmit_Inst|Shift_HW_SW[97]~latch|combout" is a latch
    Warning: Node "Transmit_Inst|Shift_HW_SW[98]~latch|combout" is a latch
    Warning: Node "Transmit_Inst|Shift_HW_SW[99]~latch|combout" is a latch
    Warning: Node "Transmit_Inst|Shift_HW_SW[100]~latch|combout" is a latch
    Warning: Node "Transmit_Inst|Shift_HW_SW[101]~latch|combout" is a latch
    Warning: Node "Transmit_Inst|Shift_HW_SW[102]~latch|combout" is a latch
    Warning: Node "Transmit_Inst|Shift_HW_SW[103]~latch|combout" is a latch
    Warning: Node "Transmit_Inst|Shift_HW_SW[104]~latch|combout" is a latch
    Warning: Node "Transmit_Inst|Shift_HW_SW[105]~latch|combout" is a latch
    Warning: Node "Transmit_Inst|Shift_HW_SW[106]~latch|combout" is a latch
    Warning: Node "Transmit_Inst|Shift_HW_SW[107]~latch|combout" is a latch
    Warning: Node "Transmit_Inst|Shift_HW_SW[108]~latch|combout" is a latch
    Warning: Node "Transmit_Inst|Shift_HW_SW[109]~latch|combout" is a latch
    Warning: Node "Transmit_Inst|Shift_HW_SW[110]~latch|combout" is a latch
    Warning: Node "Transmit_Inst|Shift_HW_SW[111]~latch|combout" is a latch
    Warning: Node "Transmit_Inst|Shift_HW_SW[112]~latch|combout" is a latch
    Warning: Node "Transmit_Inst|Shift_HW_SW[113]~latch|combout" is a latch
    Warning: Node "Transmit_Inst|Shift_HW_SW[114]~latch|combout" is a latch
    Warning: Node "Transmit_Inst|Shift_HW_SW[115]~latch|combout" is a latch
    Warning: Node "Transmit_Inst|Shift_HW_SW[116]~latch|combout" is a latch
    Warning: Node "Transmit_Inst|Shift_HW_SW[117]~latch|combout" is a latch
    Warning: Node "Transmit_Inst|Shift_HW_SW[118]~latch|combout" is a latch
    Warning: Node "Transmit_Inst|Shift_HW_SW[119]~latch|combout" is a latch
    Warning: Node "Transmit_Inst|Shift_HW_SW[120]~latch|combout" is a latch
    Warning: Node "Transmit_Inst|Shift_HW_SW[121]~latch|combout" is a latch
    Warning: Node "Transmit_Inst|Shift_HW_SW[122]~latch|combout" is a latch
    Warning: Node "Transmit_Inst|Shift_HW_SW[123]~latch|combout" is a latch
    Warning: Node "Transmit_Inst|Shift_HW_SW[124]~latch|combout" is a latch
    Warning: Node "Transmit_Inst|Shift_HW_SW[125]~latch|combout" is a latch
    Warning: Node "Transmit_Inst|Shift_HW_SW[126]~latch|combout" is a latch
    Warning: Node "Transmit_Inst|Shift_HW_SW[127]~latch|combout" is a latch
    Warning: Node "Transmit_Inst|Shift_SEQ[127]~latch|combout" is a latch
    Warning: Node "Transmit_Inst|Shift_SEQ[126]~latch|combout" is a latch
    Warning: Node "Transmit_Inst|Shift_SEQ[125]~latch|combout" is a latch
    Warning: Node "Transmit_Inst|Shift_SEQ[124]~latch|combout" is a latch
    Warning: Node "Transmit_Inst|Shift_SEQ[123]~latch|combout" is a latch
    Warning: Node "Transmit_Inst|Shift_SEQ[122]~latch|combout" is a latch
    Warning: Node "Transmit_Inst|Shift_SEQ[121]~latch|combout" is a latch
    Warning: Node "Transmit_Inst|Shift_SEQ[120]~latch|combout" is a latch
    Warning: Node "Transmit_Inst|Shift_SEQ[119]~latch|combout" is a latch
    Warning: Node "Transmit_Inst|Shift_SEQ[118]~latch|combout" is a latch
    Warning: Node "Transmit_Inst|Shift_SEQ[117]~latch|combout" is a latch
    Warning: Node "Transmit_Inst|Shift_SEQ[116]~latch|combout" is a latch
    Warning: Node "Transmit_Inst|Shift_SEQ[115]~latch|combout" is a latch
    Warning: Node "Transmit_Inst|Shift_SEQ[114]~latch|combout" is a latch
    Warning: Node "Transmit_Inst|Shift_SEQ[113]~latch|combout" is a latch
    Warning: Node "Transmit_Inst|Shift_SEQ[112]~latch|combout" is a latch
    Warning: Node "Transmit_Inst|Shift_SEQ[111]~latch|combout" is a latch
    Warning: Node "Transmit_Inst|Shift_SEQ[110]~latch|combout" is a latch
    Warning: Node "Transmit_Inst|Shift_SEQ[109]~latch|combout" is a latch
    Warning: Node "Transmit_Inst|Shift_SEQ[108]~latch|combout" is a latch
    Warning: Node "Transmit_Inst|Shift_SEQ[107]~latch|combout" is a latch
    Warning: Node "Transmit_Inst|Shift_SEQ[106]~latch|combout" is a latch
    Warning: Node "Transmit_Inst|Shift_SEQ[105]~latch|combout" is a latch
    Warning: Node "Transmit_Inst|Shift_SEQ[104]~latch|combout" is a latch
    Warning: Node "Transmit_Inst|Shift_SEQ[103]~latch|combout" is a latch
    Warning: Node "Transmit_Inst|Shift_SEQ[102]~latch|combout" is a latch
    Warning: Node "Transmit_Inst|Shift_SEQ[101]~latch|combout" is a latch
    Warning: Node "Transmit_Inst|Shift_SEQ[100]~latch|combout" is a latch
    Warning: Node "Transmit_Inst|Shift_SEQ[99]~latch|combout" is a latch
    Warning: Node "Transmit_Inst|Shift_SEQ[98]~latch|combout" is a latch
    Warning: Node "Transmit_Inst|Shift_SEQ[97]~latch|combout" is a latch
    Warning: Node "Transmit_Inst|Shift_SEQ[96]~latch|combout" is a latch
    Warning: Node "Transmit_Inst|Shift_SEQ[95]~latch|combout" is a latch
    Warning: Node "Transmit_Inst|Shift_SEQ[94]~latch|combout" is a latch
    Warning: Node "Transmit_Inst|Shift_SEQ[93]~latch|combout" is a latch
    Warning: Node "Transmit_Inst|Shift_SEQ[92]~latch|combout" is a latch
    Warning: Node "Transmit_Inst|Shift_SEQ[91]~latch|combout" is a latch
    Warning: Node "Transmit_Inst|Shift_SEQ[90]~latch|combout" is a latch
    Warning: Node "Transmit_Inst|Shift_SEQ[89]~latch|combout" is a latch
    Warning: Node "Transmit_Inst|Shift_SEQ[88]~latch|combout" is a latch
    Warning: Node "Transmit_Inst|Shift_SEQ[87]~latch|combout" is a latch
    Warning: Node "Transmit_Inst|Shift_SEQ[86]~latch|combout" is a latch
    Warning: Node "Transmit_Inst|Shift_SEQ[85]~latch|combout" is a latch
    Warning: Node "Transmit_Inst|Shift_SEQ[84]~latch|combout" is a latch
    Warning: Node "Transmit_Inst|Shift_SEQ[83]~latch|combout" is a latch
    Warning: Node "Transmit_Inst|Shift_SEQ[82]~latch|combout" is a latch
    Warning: Node "Transmit_Inst|Shift_SEQ[81]~latch|combout" is a latch
    Warning: Node "Transmit_Inst|Shift_SEQ[80]~latch|combout" is a latch
    Warning: Node "Transmit_Inst|Shift_SEQ[79]~latch|combout" is a latch
    Warning: Node "Transmit_Inst|Shift_SEQ[78]~latch|combout" is a latch
    Warning: Node "Transmit_Inst|Shift_SEQ[77]~latch|combout" is a latch
    Warning: Node "Transmit_Inst|Shift_SEQ[76]~latch|combout" is a latch
    Warning: Node "Transmit_Inst|Shift_SEQ[75]~latch|combout" is a latch
    Warning: Node "Transmit_Inst|Shift_SEQ[74]~latch|combout" is a latch
    Warning: Node "Transmit_Inst|Shift_SEQ[73]~latch|combout" is a latch
    Warning: Node "Transmit_Inst|Shift_SEQ[72]~latch|combout" is a latch
    Warning: Node "Transmit_Inst|Shift_SEQ[71]~latch|combout" is a latch
    Warning: Node "Transmit_Inst|Shift_SEQ[70]~latch|combout" is a latch
    Warning: Node "Transmit_Inst|Shift_SEQ[69]~latch|combout" is a latch
    Warning: Node "Transmit_Inst|Shift_SEQ[68]~latch|combout" is a latch
    Warning: Node "Transmit_Inst|Shift_SEQ[67]~latch|combout" is a latch
    Warning: Node "Transmit_Inst|Shift_SEQ[66]~latch|combout" is a latch
    Warning: Node "Transmit_Inst|Shift_SEQ[65]~latch|combout" is a latch
    Warning: Node "Transmit_Inst|Shift_SEQ[64]~latch|combout" is a latch
    Warning: Node "Transmit_Inst|Shift_SEQ[63]~latch|combout" is a latch
    Warning: Node "Transmit_Inst|Shift_SEQ[62]~latch|combout" is a latch
    Warning: Node "Transmit_Inst|Shift_SEQ[61]~latch|combout" is a latch
    Warning: Node "Transmit_Inst|Shift_SEQ[60]~latch|combout" is a latch
    Warning: Node "Transmit_Inst|Shift_SEQ[59]~latch|combout" is a latch
    Warning: Node "Transmit_Inst|Shift_SEQ[58]~latch|combout" is a latch
    Warning: Node "Transmit_Inst|Shift_SEQ[57]~latch|combout" is a latch
    Warning: Node "Transmit_Inst|Shift_SEQ[56]~latch|combout" is a latch
    Warning: Node "Transmit_Inst|Shift_SEQ[55]~latch|combout" is a latch
    Warning: Node "Transmit_Inst|Shift_SEQ[54]~latch|combout" is a latch
    Warning: Node "Transmit_Inst|Shift_SEQ[53]~latch|combout" is a latch
    Warning: Node "Transmit_Inst|Shift_SEQ[52]~latch|combout" is a latch
    Warning: Node "Transmit_Inst|Shift_SEQ[51]~latch|combout" is a latch
    Warning: Node "Transmit_Inst|Shift_SEQ[50]~latch|combout" is a latch
    Warning: Node "Transmit_Inst|Shift_SEQ[49]~latch|combout" is a latch
    Warning: Node "Transmit_Inst|Shift_SEQ[48]~latch|combout" is a latch
    Warning: Node "Transmit_Inst|Shift_SEQ[47]~latch|combout" is a latch
    Warning: Node "Transmit_Inst|Shift_SEQ[46]~latch|combout" is a latch
    Warning: Node "Transmit_Inst|Shift_SEQ[45]~latch|combout" is a latch
    Warning: Node "Transmit_Inst|Shift_SEQ[44]~latch|combout" is a latch
    Warning: Node "Transmit_Inst|Shift_SEQ[43]~latch|combout" is a latch
    Warning: Node "Transmit_Inst|Shift_SEQ[42]~latch|combout" is a latch
    Warning: Node "Transmit_Inst|Shift_SEQ[41]~latch|combout" is a latch
    Warning: Node "Transmit_Inst|Shift_SEQ[40]~latch|combout" is a latch
    Warning: Node "Transmit_Inst|Shift_SEQ[39]~latch|combout" is a latch
    Warning: Node "Transmit_Inst|Shift_SEQ[38]~latch|combout" is a latch
    Warning: Node "Transmit_Inst|Shift_SEQ[37]~latch|combout" is a latch
    Warning: Node "Transmit_Inst|Shift_SEQ[36]~latch|combout" is a latch
    Warning: Node "Transmit_Inst|Shift_SEQ[35]~latch|combout" is a latch
    Warning: Node "Transmit_Inst|Shift_SEQ[34]~latch|combout" is a latch
    Warning: Node "Transmit_Inst|Shift_SEQ[33]~latch|combout" is a latch
    Warning: Node "Transmit_Inst|Shift_SEQ[32]~latch|combout" is a latch
    Warning: Node "Transmit_Inst|Shift_SEQ[31]~latch|combout" is a latch
    Warning: Node "Transmit_Inst|Shift_SEQ[30]~latch|combout" is a latch
    Warning: Node "Transmit_Inst|Shift_SEQ[29]~latch|combout" is a latch
    Warning: Node "Transmit_Inst|Shift_SEQ[28]~latch|combout" is a latch
    Warning: Node "Transmit_Inst|Shift_SEQ[27]~latch|combout" is a latch
    Warning: Node "Transmit_Inst|Shift_SEQ[26]~latch|combout" is a latch
    Warning: Node "Transmit_Inst|Shift_SEQ[25]~latch|combout" is a latch
    Warning: Node "Transmit_Inst|Shift_SEQ[24]~latch|combout" is a latch
    Warning: Node "Transmit_Inst|Shift_SEQ[23]~latch|combout" is a latch
    Warning: Node "Transmit_Inst|Shift_SEQ[22]~latch|combout" is a latch
    Warning: Node "Transmit_Inst|Shift_SEQ[21]~latch|combout" is a latch
    Warning: Node "Transmit_Inst|Shift_SEQ[20]~latch|combout" is a latch
    Warning: Node "Transmit_Inst|Shift_SEQ[19]~latch|combout" is a latch
    Warning: Node "Transmit_Inst|Shift_SEQ[18]~latch|combout" is a latch
    Warning: Node "Transmit_Inst|Shift_SEQ[17]~latch|combout" is a latch
    Warning: Node "Transmit_Inst|Shift_SEQ[16]~latch|combout" is a latch
    Warning: Node "Transmit_Inst|Shift_SEQ[15]~latch|combout" is a latch
    Warning: Node "Transmit_Inst|Shift_SEQ[14]~latch|combout" is a latch
    Warning: Node "Transmit_Inst|Shift_SEQ[13]~latch|combout" is a latch
    Warning: Node "Transmit_Inst|Shift_SEQ[12]~latch|combout" is a latch
    Warning: Node "Transmit_Inst|Shift_SEQ[11]~latch|combout" is a latch
    Warning: Node "Transmit_Inst|Shift_SEQ[10]~latch|combout" is a latch
    Warning: Node "Transmit_Inst|Shift_SEQ[9]~latch|combout" is a latch
    Warning: Node "Transmit_Inst|Shift_SEQ[8]~latch|combout" is a latch
    Warning: Node "Transmit_Inst|Shift_SEQ[7]~latch|combout" is a latch
    Warning: Node "Transmit_Inst|Shift_SEQ[6]~latch|combout" is a latch
    Warning: Node "Transmit_Inst|Shift_SEQ[5]~latch|combout" is a latch
    Warning: Node "Transmit_Inst|Shift_SEQ[4]~latch|combout" is a latch
    Warning: Node "Transmit_Inst|Shift_SEQ[3]~latch|combout" is a latch
    Warning: Node "Transmit_Inst|Shift_SEQ[2]~latch|combout" is a latch
    Warning: Node "Transmit_Inst|Shift_SEQ[1]~latch|combout" is a latch
    Warning: Node "Transmit_Inst|Shift_SEQ[0]~latch|combout" is a latch
Info: Evaluating HDL-embedded SDC commands
    Info: Entity sld_hub
        Info: create_clock -period 10MHz -name altera_reserved_tck [get_ports {altera_reserved_tck}]
Critical Warning: Synopsys Design Constraints File file not found: 'ArrayUltrasound.sdc'. A Synopsys Design Constraints File is required by the TimeQuest Timing Analyzer to get proper timing constraints. Without it, the Compiler will not properly optimize the design.
Warning: Node: FCO was determined to be a clock but was found without an associated clock assignment.
Warning: Node: sysclk was determined to be a clock but was found without an associated clock assignment.
Warning: Node: Envelop was determined to be a clock but was found without an associated clock assignment.
Warning: Node: Pr_Gate was determined to be a clock but was found without an associated clock assignment.
Warning: Node: End_Gate was determined to be a clock but was found without an associated clock assignment.
Warning: Node: CC3200_SPI_CLK was determined to be a clock but was found without an associated clock assignment.
Warning: Node: RX_Gate was determined to be a clock but was found without an associated clock assignment.
Warning: Node: CC3200_SPI_CS was determined to be a clock but was found without an associated clock assignment.
Warning: Node: RX_Gate_Reg was determined to be a clock but was found without an associated clock assignment.
Warning: Node: AD9273_SPI_Config:AD9273_SPI_Config_Inst|SPI_New_Word was determined to be a clock but was found without an associated clock assignment.
Warning: Node: Transmit:Transmit_Inst|Pr_Gate_Reg1 was determined to be a clock but was found without an associated clock assignment.
Info: PLL cross checking found inconsistent PLL clock settings:
    Info: Node: PLL_inst|altpll_component|auto_generated|pll1|clk[0] was found missing 1 generated clock that corresponds to a base clock with a period of: 20.000
    Info: Node: PLL_inst|altpll_component|auto_generated|pll1|clk[1] was found missing 1 generated clock that corresponds to a base clock with a period of: 20.000
    Info: Node: LVDS_AD_inst_A|altlvds_rx_component|auto_generated|lvds_rx_pll|clk[0] was found missing 1 generated clock that corresponds to a base clock with a period of: 20.000
    Info: Node: LVDS_AD_inst_A|altlvds_rx_component|auto_generated|lvds_rx_pll|clk[1] was found missing 1 generated clock that corresponds to a base clock with a period of: 20.000
Critical Warning: The following clock transfers have no clock uncertainty assignment. For more accurate results, apply clock uncertainty assignments or use the derive_clock_uncertainty command.
    Critical Warning: From altera_reserved_tck (Rise) to altera_reserved_tck (Rise) (setup and hold)
    Critical Warning: From altera_reserved_tck (Rise) to altera_reserved_tck (Fall) (setup and hold)
    Critical Warning: From altera_reserved_tck (Fall) to altera_reserved_tck (Fall) (setup and hold)
Info: Detected timing requirements -- optimizing circuit to achieve only the specified requirements
Info: Found 1 clocks
    Info:   Period   Clock Name
    Info: ======== ============
    Info:  100.000 altera_reserved_tck
Info: Starting Vectorless Power Activity Estimation
Info: Completed Vectorless Power Activity Estimation
Info: Writing out detailed assembly data for power analysis
Info: Assembler is generating device programming files
Info: Quartus II Assembler was successful. 0 errors, 342 warnings
    Info: Peak virtual memory: 343 megabytes
    Info: Processing ended: Wed Nov 11 16:37:45 2015
    Info: Elapsed time: 00:00:11
    Info: Total CPU time (on all processors): 00:00:10


